<?xml version="1.0" encoding="UTF-8"?>
<testsuite xmlns:xsi="http://www.w3.org/2001/XMLSchema-instance" xsi:noNamespaceSchemaLocation="https://maven.apache.org/surefire/maven-surefire-plugin/xsd/surefire-test-report-3.0.xsd" version="3.0" name="e2e.EndToEndTest" time="23.215" tests="1" errors="0" skipped="0" failures="0">
  <properties>
[...]
</properties>
  <testcase name="EndToEnd" classname="e2e.EndToEndTest" time="23.215">
    <system-out><![CDATA[On-Prem Remote Driver Created
Boolean Value: true
Boolean Value: true
Marking Passed
]]></system-out>
    <system-err><![CDATA[Mar 22, 2021 5:29:43 PM org.openqa.selenium.remote.ProtocolHandshake createSession
INFO: Detected dialect: OSS
]]></system-err>
  </testcase>
</testsuite>