<?xml version="1.0" encoding="UTF-8"?>
<testsuite xmlns:xsi="http://www.w3.org/2001/XMLSchema-instance" xsi:noNamespaceSchemaLocation="https://maven.apache.org/surefire/maven-surefire-plugin/xsd/surefire-test-report-3.0.xsd" version="3.0" name="com.browserstack.suites.login.LockedUserTest" time="462.153" tests="1" errors="0" skipped="0" failures="0">
  <properties>
[...]
</properties>
  <testcase name="lockedUserTest" classname="com.browserstack.suites.login.LockedUserTest" time="462.153">
    <system-out><![CDATA[AccessKey Is  bQc9V5scoYwsAqxRnUvc
Application Endpoint Is:https://bstackdemo.com
Browser Is Chrome
OS Is Windows
OS Version Is: 8.1
Local Common Caps {"build":"Automate Demo","name":"Parallel Test: ","browserstack.networkLogs":"true","project":"BrowserStack Demo","browserstack.debug":"true","browserstack.console":"verbose"}
Unique String Is:13475
On-Prem Remote Driver Created
Marking Passed
]]></system-out>
    <system-err><![CDATA[Mar 25, 2021 3:04:35 AM org.openqa.selenium.remote.ProtocolHandshake createSession
INFO: Detected dialect: OSS
]]></system-err>
  </testcase>
</testsuite>